  Engine.vcxproj -> C:\Users\pbk40\OneDrive\바탕 화면\3DTeam\FrameWork\Engine\default\..\Bin\Engine.dll
  .\Engine\public\Animation.h
  .\Engine\public\Base.h
  .\Engine\public\Camera.h
  .\Engine\public\Cell.h
  .\Engine\public\Channel.h
  .\Engine\public\Collider.h
  .\Engine\public\Component.h
  .\Engine\public\Component_Manager.h
  .\Engine\public\CustumFont.h
  .\Engine\public\d3dx11effect.h
  .\Engine\public\d3dxGlobal.h
  .\Engine\public\DebugDraw.h
  .\Engine\public\DirectXTex.h
  .\Engine\public\DirectXTex.inl
  .\Engine\public\Engine_Defines.h
  .\Engine\public\Engine_Enum.h
  .\Engine\public\Engine_Function.h
  .\Engine\public\Engine_Macro.h
  .\Engine\public\Engine_Struct.h
  .\Engine\public\Engine_Typedef.h
  .\Engine\public\Font_Manager.h
  .\Engine\public\Frustum.h
  .\Engine\public\GameInstance.h
  .\Engine\public\GameObject.h
  .\Engine\public\Graphic_Device.h
  .\Engine\public\HierarchyNode.h
  .\Engine\public\Input_Device.h
  .\Engine\public\Layer.h
  .\Engine\public\Level.h
  .\Engine\public\Level_Manager.h
  .\Engine\public\Light.h
  .\Engine\public\Light_Manager.h
  .\Engine\public\MeshContainer.h
  .\Engine\public\Model.h
  .\Engine\public\Navigation.h
  .\Engine\public\Object_Manager.h
  .\Engine\public\PipeLine.h
  .\Engine\public\QuadTree.h
  .\Engine\public\Renderer.h
  .\Engine\public\RenderTarget.h
  .\Engine\public\SaveManager.h
  .\Engine\public\SingleTon.h
  .\Engine\public\SoundMgr.h
  .\Engine\public\Target_Manager.h
  .\Engine\public\Texture.h
  .\Engine\public\TextureManager.h
  .\Engine\public\Timer.h
  .\Engine\public\Timer_Manager.h
  .\Engine\public\Transform.h
  .\Engine\public\VIBuffer.h
  .\Engine\public\VIBuffer_Cube.h
  .\Engine\public\VIBuffer_PointInstance.h
  .\Engine\public\VIBuffer_Rect.h
  .\Engine\public\VIBuffer_RectInstance.h
  .\Engine\public\VIBuffer_RectViewPort.h
  .\Engine\public\VIBuffer_Terrain.h
  .\Engine\public\VIBuffer_Triangle.h
  .\Engine\public\assimp\.editorconfig
  .\Engine\public\assimp\aabb.h
  .\Engine\public\assimp\ai_assert.h
  .\Engine\public\assimp\anim.h
  .\Engine\public\assimp\BaseImporter.h
  .\Engine\public\assimp\Bitmap.h
  .\Engine\public\assimp\BlobIOSystem.h
  .\Engine\public\assimp\ByteSwapper.h
  .\Engine\public\assimp\camera.h
  .\Engine\public\assimp\cexport.h
  .\Engine\public\assimp\cfileio.h
  .\Engine\public\assimp\cimport.h
  .\Engine\public\assimp\ColladaMetaData.h
  .\Engine\public\assimp\color4.h
  .\Engine\public\assimp\color4.inl
  .\Engine\public\assimp\commonMetaData.h
  .\Engine\public\assimp\config.h
  .\Engine\public\assimp\config.h.in
  .\Engine\public\assimp\CreateAnimMesh.h
  .\Engine\public\assimp\DefaultIOStream.h
  .\Engine\public\assimp\DefaultIOSystem.h
  .\Engine\public\assimp\DefaultLogger.hpp
  .\Engine\public\assimp\Defines.h
  .\Engine\public\assimp\defs.h
  .\Engine\public\assimp\Exceptional.h
  .\Engine\public\assimp\Exporter.hpp
  .\Engine\public\assimp\fast_atof.h
  .\Engine\public\assimp\GenericProperty.h
  .\Engine\public\assimp\GltfMaterial.h
  .\Engine\public\assimp\Hash.h
  .\Engine\public\assimp\Importer.hpp
  .\Engine\public\assimp\importerdesc.h
  .\Engine\public\assimp\IOStream.hpp
  .\Engine\public\assimp\IOStreamBuffer.h
  .\Engine\public\assimp\IOSystem.hpp
  .\Engine\public\assimp\irrXMLWrapper.h
  .\Engine\public\assimp\light.h
  .\Engine\public\assimp\LineSplitter.h
  .\Engine\public\assimp\LogAux.h
  .\Engine\public\assimp\Logger.hpp
  .\Engine\public\assimp\LogStream.hpp
  .\Engine\public\assimp\Macros.h
  .\Engine\public\assimp\material.h
  .\Engine\public\assimp\material.inl
  .\Engine\public\assimp\MathFunctions.h
  .\Engine\public\assimp\matrix3x3.h
  .\Engine\public\assimp\matrix3x3.inl
  .\Engine\public\assimp\matrix4x4.h
  .\Engine\public\assimp\matrix4x4.inl
  .\Engine\public\assimp\MemoryIOWrapper.h
  .\Engine\public\assimp\mesh.h
  .\Engine\public\assimp\metadata.h
  .\Engine\public\assimp\NullLogger.hpp
  .\Engine\public\assimp\ParsingUtils.h
  .\Engine\public\assimp\pbrmaterial.h
  .\Engine\public\assimp\postprocess.h
  .\Engine\public\assimp\Profiler.h
  .\Engine\public\assimp\ProgressHandler.hpp
  .\Engine\public\assimp\qnan.h
  .\Engine\public\assimp\quaternion.h
  .\Engine\public\assimp\quaternion.inl
  .\Engine\public\assimp\RemoveComments.h
  .\Engine\public\assimp\scene.h
  .\Engine\public\assimp\SceneCombiner.h
  .\Engine\public\assimp\SGSpatialSort.h
  .\Engine\public\assimp\SkeletonMeshBuilder.h
  .\Engine\public\assimp\SmallVector.h
  .\Engine\public\assimp\SmoothingGroups.h
  .\Engine\public\assimp\SmoothingGroups.inl
  .\Engine\public\assimp\SpatialSort.h
  .\Engine\public\assimp\StandardShapes.h
  .\Engine\public\assimp\StreamReader.h
  .\Engine\public\assimp\StreamWriter.h
  .\Engine\public\assimp\StringComparison.h
  .\Engine\public\assimp\StringUtils.h
  .\Engine\public\assimp\Subdivision.h
  .\Engine\public\assimp\texture.h
  .\Engine\public\assimp\TinyFormatter.h
  .\Engine\public\assimp\types.h
  .\Engine\public\assimp\vector2.h
  .\Engine\public\assimp\vector2.inl
  .\Engine\public\assimp\vector3.h
  .\Engine\public\assimp\vector3.inl
  .\Engine\public\assimp\version.h
  .\Engine\public\assimp\Vertex.h
  .\Engine\public\assimp\XmlParser.h
  .\Engine\public\assimp\XMLTools.h
  .\Engine\public\assimp\ZipArchiveIOSystem.h
  .\Engine\public\assimp\Compiler\poppack1.h
  .\Engine\public\assimp\Compiler\pstdint.h
  .\Engine\public\assimp\Compiler\pushpack1.h
  .\Engine\public\assimp\port\AndroidJNI\AndroidJNIIOSystem.h
  .\Engine\public\assimp\port\AndroidJNI\BundledAssetIOSystem.h
  .\Engine\public\DirectxTK\Audio.h
  .\Engine\public\DirectxTK\CommonStates.h
  .\Engine\public\DirectxTK\DDSTextureLoader.h
  .\Engine\public\DirectxTK\DirectXHelpers.h
  .\Engine\public\DirectxTK\Effects.h
  .\Engine\public\DirectxTK\GamePad.h
  .\Engine\public\DirectxTK\GeometricPrimitive.h
  .\Engine\public\DirectxTK\GraphicsMemory.h
  .\Engine\public\DirectxTK\Keyboard.h
  .\Engine\public\DirectxTK\Model.h
  .\Engine\public\DirectxTK\Mouse.h
  .\Engine\public\DirectxTK\PostProcess.h
  .\Engine\public\DirectxTK\PrimitiveBatch.h
  .\Engine\public\DirectxTK\ScreenGrab.h
  .\Engine\public\DirectxTK\SimpleMath.h
  .\Engine\public\DirectxTK\SimpleMath.inl
  .\Engine\public\DirectxTK\SpriteBatch.h
  .\Engine\public\DirectxTK\SpriteFont.h
  .\Engine\public\DirectxTK\VertexTypes.h
  .\Engine\public\DirectxTK\WICTextureLoader.h
  .\Engine\public\DirectxTK\XboxDDSTextureLoader.h
  .\Engine\public\fmod\fmod.cs
  .\Engine\public\fmod\fmod.h
  .\Engine\public\fmod\fmod.hpp
  .\Engine\public\fmod\fmod_codec.h
  .\Engine\public\fmod\fmod_common.h
  .\Engine\public\fmod\fmod_dsp.cs
  .\Engine\public\fmod\fmod_dsp.h
  .\Engine\public\fmod\fmod_dsp_effects.h
  .\Engine\public\fmod\fmod_errors.cs
  .\Engine\public\fmod\fmod_errors.h
  .\Engine\public\fmod\fmod_output.h
  182개 파일이 복사되었습니다.
  .\Engine\bin\Engine.lib
  1개 파일이 복사되었습니다.
  .\Engine\bin\Engine.dll
  1개 파일이 복사되었습니다.
  .\Engine\bin\Engine.dll
  1개 파일이 복사되었습니다.
