c:\users\administrator\desktop\3d-teamgame\framework\uitool\default\x64\debug\vc142.pdb
c:\users\administrator\desktop\3d-teamgame\framework\uitool\default\x64\debug\vc142.idb
c:\users\administrator\desktop\3d-teamgame\framework\uitool\default\x64\debug\uitoolview.obj
c:\users\administrator\desktop\3d-teamgame\framework\uitool\default\x64\debug\uitooldoc.obj
c:\users\administrator\desktop\3d-teamgame\framework\uitool\default\x64\debug\uitool.obj
c:\users\administrator\desktop\3d-teamgame\framework\uitool\default\x64\debug\mainfrm.obj
c:\users\administrator\desktop\3d-teamgame\framework\uitool\default\x64\debug\uitool.pch
c:\users\administrator\desktop\3d-teamgame\framework\uitool\default\x64\debug\pch.obj
c:\users\administrator\desktop\3d-teamgame\framework\uitool\default\x64\debug\myformview.obj
c:\users\administrator\desktop\3d-teamgame\framework\x64\debug\uitool.exe
c:\users\administrator\desktop\3d-teamgame\framework\uitool\default\x64\debug\uitool.ilk
c:\users\administrator\desktop\3d-teamgame\framework\x64\debug\uitool.pdb
c:\users\administrator\desktop\3d-teamgame\framework\uitool\default\x64\debug\uitool.res
c:\users\administrator\desktop\3d-teamgame\framework\uitool\default\x64\debug\uitool.tlog\cl.command.1.tlog
c:\users\administrator\desktop\3d-teamgame\framework\uitool\default\x64\debug\uitool.tlog\cl.read.1.tlog
c:\users\administrator\desktop\3d-teamgame\framework\uitool\default\x64\debug\uitool.tlog\cl.write.1.tlog
c:\users\administrator\desktop\3d-teamgame\framework\uitool\default\x64\debug\uitool.tlog\link.command.1.tlog
c:\users\administrator\desktop\3d-teamgame\framework\uitool\default\x64\debug\uitool.tlog\link.read.1.tlog
c:\users\administrator\desktop\3d-teamgame\framework\uitool\default\x64\debug\uitool.tlog\link.write.1.tlog
c:\users\administrator\desktop\3d-teamgame\framework\uitool\default\x64\debug\uitool.tlog\rc.command.1.tlog
c:\users\administrator\desktop\3d-teamgame\framework\uitool\default\x64\debug\uitool.tlog\rc.read.1.tlog
c:\users\administrator\desktop\3d-teamgame\framework\uitool\default\x64\debug\uitool.tlog\rc.write.1.tlog
