c:\users\pbk40\onedrive\바탕 화면\3dteam\framework\tool_yasic\default\x64\debug\tool_yasic.pch
c:\users\pbk40\onedrive\바탕 화면\3dteam\framework\tool_yasic\default\x64\debug\vc142.pdb
c:\users\pbk40\onedrive\바탕 화면\3dteam\framework\tool_yasic\default\x64\debug\vc142.idb
c:\users\pbk40\onedrive\바탕 화면\3dteam\framework\tool_yasic\default\x64\debug\pch.obj
c:\users\pbk40\onedrive\바탕 화면\3dteam\framework\tool_yasic\default\x64\debug\tool_yasicview.obj
c:\users\pbk40\onedrive\바탕 화면\3dteam\framework\tool_yasic\default\x64\debug\tool_yasicdoc.obj
c:\users\pbk40\onedrive\바탕 화면\3dteam\framework\tool_yasic\default\x64\debug\tool_yasic.obj
c:\users\pbk40\onedrive\바탕 화면\3dteam\framework\tool_yasic\default\x64\debug\mainfrm.obj
c:\users\pbk40\onedrive\바탕 화면\3dteam\framework\tool_yasic\default\x64\debug\mainform.obj
c:\users\pbk40\onedrive\바탕 화면\3dteam\framework\tool_yasic\default\x64\debug\mainapp.obj
c:\users\pbk40\onedrive\바탕 화면\3dteam\framework\tool_yasic\default\x64\debug\level_animationtool.obj
c:\users\pbk40\onedrive\바탕 화면\3dteam\framework\tool_yasic\default\x64\debug\animationtool.obj
c:\users\pbk40\onedrive\바탕 화면\3dteam\framework\tool_yasic\bin\tool_yasic.ilk
c:\users\pbk40\onedrive\바탕 화면\3dteam\framework\tool_yasic\bin\tool_yasic.exe
c:\users\pbk40\onedrive\바탕 화면\3dteam\framework\tool_yasic\bin\tool_yasic.pdb
c:\users\pbk40\onedrive\바탕 화면\3dteam\framework\tool_yasic\default\x64\debug\toolyasic.res
c:\users\pbk40\onedrive\바탕 화면\3dteam\framework\tool_yasic\default\../bin/tool_yasic.exe
c:\users\pbk40\onedrive\바탕 화면\3dteam\framework\tool_yasic\default\x64\debug\tool_yasic.tlog\cl.command.1.tlog
c:\users\pbk40\onedrive\바탕 화면\3dteam\framework\tool_yasic\default\x64\debug\tool_yasic.tlog\cl.read.1.tlog
c:\users\pbk40\onedrive\바탕 화면\3dteam\framework\tool_yasic\default\x64\debug\tool_yasic.tlog\cl.write.1.tlog
c:\users\pbk40\onedrive\바탕 화면\3dteam\framework\tool_yasic\default\x64\debug\tool_yasic.tlog\link.command.1.tlog
c:\users\pbk40\onedrive\바탕 화면\3dteam\framework\tool_yasic\default\x64\debug\tool_yasic.tlog\link.read.1.tlog
c:\users\pbk40\onedrive\바탕 화면\3dteam\framework\tool_yasic\default\x64\debug\tool_yasic.tlog\link.write.1.tlog
c:\users\pbk40\onedrive\바탕 화면\3dteam\framework\tool_yasic\default\x64\debug\tool_yasic.tlog\rc.command.1.tlog
c:\users\pbk40\onedrive\바탕 화면\3dteam\framework\tool_yasic\default\x64\debug\tool_yasic.tlog\rc.read.1.tlog
c:\users\pbk40\onedrive\바탕 화면\3dteam\framework\tool_yasic\default\x64\debug\tool_yasic.tlog\rc.write.1.tlog
